In file included from [01m[K/home/rm_autoaim/suep2026/dev_ws/src/rm_auto_aim/armor_detector/src/detector_node.cpp:2[m[K:
[01m[K/home/rm_autoaim/suep2026/dev_ws/src/rm_auto_aim/armor_detector/include/detector_node.hpp:53:37:[m[K [01;31m[Kerror: [m[Kexpected â€˜[01m[K;[m[Kâ€™ at end of member declaration
   53 |     const std::vector<Armor> &armors[01;31m[K)[m[K
      |                                     [01;31m[K^[m[K
      |                                      [32m[K;[m[K
gmake[2]: *** [CMakeFiles/armor_detector.dir/build.make:90ï¼šCMakeFiles/armor_detector.dir/src/detector_node.cpp.o] é”™è¯¯ 1
gmake[1]: *** [CMakeFiles/Makefile2:139ï¼šCMakeFiles/armor_detector.dir/all] é”™è¯¯ 2
gmake: *** [Makefile:146ï¼šall] é”™è¯¯ 2
