[0.017s] Invoking command in '/home/rm_autoaim/suep2026/dev_ws/build/armor_detector': CMAKE_PREFIX_PATH=/home/rm_autoaim/suep2026/dev_ws/install/auto_aim_interfaces:/home/rm_autoaim/suep2026/dev_ws/install/rm_vision_bringup:/home/rm_autoaim/suep2026/dev_ws/install/rm_serial_driver:/home/rm_autoaim/suep2026/dev_ws/install/rm_gimbal_description:/home/rm_autoaim/suep2026/dev_ws/install/hik_camera:/home/rm_autoaim/suep2026/dev_ws/install/armor_tracker:/home/rm_autoaim/suep2026/dev_ws/install/armor_detector:/opt/ros/humble LD_LIBRARY_PATH=/home/rm_autoaim/suep2026/dev_ws/install/auto_aim_interfaces/lib:/home/rm_autoaim/suep2026/dev_ws/install/rm_serial_driver/lib:/home/rm_autoaim/suep2026/dev_ws/install/hik_camera/lib:/home/rm_autoaim/suep2026/dev_ws/install/armor_tracker/lib:/home/rm_autoaim/suep2026/dev_ws/install/armor_detector/lib:/opt/ros/humble/opt/rviz_ogre_vendor/lib:/opt/ros/humble/lib/x86_64-linux-gnu:/opt/ros/humble/lib:/opt/MVS/lib/64:/opt/MVS/lib/32 /usr/bin/cmake --build /home/rm_autoaim/suep2026/dev_ws/build/armor_detector -- -j8 -l8
[0.064s] [35m[1mConsolidate compiler generated dependencies of target armor_detector[0m
[0.076s] [ 28%] Built target armor_detector_node
[0.092s] [ 42%] [32mBuilding CXX object CMakeFiles/armor_detector.dir/src/detector_node.cpp.o[0m
[4.089s] In file included from [01m[K/home/rm_autoaim/suep2026/dev_ws/src/rm_auto_aim/armor_detector/src/detector_node.cpp:2[m[K:
[4.089s] [01m[K/home/rm_autoaim/suep2026/dev_ws/src/rm_auto_aim/armor_detector/include/detector_node.hpp:53:37:[m[K [01;31m[Kerror: [m[Kexpected â€˜[01m[K;[m[Kâ€™ at end of member declaration
[4.089s]    53 |     const std::vector<Armor> &armors[01;31m[K)[m[K
[4.089s]       |                                     [01;31m[K^[m[K
[4.089s]       |                                      [32m[K;[m[K
[10.796s] gmake[2]: *** [CMakeFiles/armor_detector.dir/build.make:90ï¼šCMakeFiles/armor_detector.dir/src/detector_node.cpp.o] é”™è¯¯ 1
[10.796s] gmake[1]: *** [CMakeFiles/Makefile2:139ï¼šCMakeFiles/armor_detector.dir/all] é”™è¯¯ 2
[10.796s] gmake: *** [Makefile:146ï¼šall] é”™è¯¯ 2
[10.798s] Invoked command in '/home/rm_autoaim/suep2026/dev_ws/build/armor_detector' returned '2': CMAKE_PREFIX_PATH=/home/rm_autoaim/suep2026/dev_ws/install/auto_aim_interfaces:/home/rm_autoaim/suep2026/dev_ws/install/rm_vision_bringup:/home/rm_autoaim/suep2026/dev_ws/install/rm_serial_driver:/home/rm_autoaim/suep2026/dev_ws/install/rm_gimbal_description:/home/rm_autoaim/suep2026/dev_ws/install/hik_camera:/home/rm_autoaim/suep2026/dev_ws/install/armor_tracker:/home/rm_autoaim/suep2026/dev_ws/install/armor_detector:/opt/ros/humble LD_LIBRARY_PATH=/home/rm_autoaim/suep2026/dev_ws/install/auto_aim_interfaces/lib:/home/rm_autoaim/suep2026/dev_ws/install/rm_serial_driver/lib:/home/rm_autoaim/suep2026/dev_ws/install/hik_camera/lib:/home/rm_autoaim/suep2026/dev_ws/install/armor_tracker/lib:/home/rm_autoaim/suep2026/dev_ws/install/armor_detector/lib:/opt/ros/humble/opt/rviz_ogre_vendor/lib:/opt/ros/humble/lib/x86_64-linux-gnu:/opt/ros/humble/lib:/opt/MVS/lib/64:/opt/MVS/lib/32 /usr/bin/cmake --build /home/rm_autoaim/suep2026/dev_ws/build/armor_detector -- -j8 -l8
