[0.017s] Invoking command in '/home/rm_autoaim/suep2026/dev_ws/build/armor_detector': CMAKE_PREFIX_PATH=/home/rm_autoaim/suep2026/dev_ws/install/auto_aim_interfaces:/home/rm_autoaim/suep2026/dev_ws/install/rm_vision_bringup:/home/rm_autoaim/suep2026/dev_ws/install/rm_serial_driver:/home/rm_autoaim/suep2026/dev_ws/install/rm_gimbal_description:/home/rm_autoaim/suep2026/dev_ws/install/hik_camera:/home/rm_autoaim/suep2026/dev_ws/install/armor_tracker:/home/rm_autoaim/suep2026/dev_ws/install/armor_detector:/opt/ros/humble LD_LIBRARY_PATH=/home/rm_autoaim/suep2026/dev_ws/install/auto_aim_interfaces/lib:/home/rm_autoaim/suep2026/dev_ws/install/rm_serial_driver/lib:/home/rm_autoaim/suep2026/dev_ws/install/hik_camera/lib:/home/rm_autoaim/suep2026/dev_ws/install/armor_tracker/lib:/home/rm_autoaim/suep2026/dev_ws/install/armor_detector/lib:/opt/ros/humble/opt/rviz_ogre_vendor/lib:/opt/ros/humble/lib/x86_64-linux-gnu:/opt/ros/humble/lib:/opt/MVS/lib/64:/opt/MVS/lib/32 /usr/bin/cmake --build /home/rm_autoaim/suep2026/dev_ws/build/armor_detector -- -j8 -l8
[0.065s] [35m[1mConsolidate compiler generated dependencies of target armor_detector[0m
[0.072s] [ 28%] Built target armor_detector_node
[0.090s] [ 42%] [32mBuilding CXX object CMakeFiles/armor_detector.dir/src/detector_node.cpp.o[0m
[3.925s] [01m[K/home/rm_autoaim/suep2026/dev_ws/src/rm_auto_aim/armor_detector/src/detector_node.cpp:[m[K In member function â€˜[01m[Kvoid rm_auto_aim::ArmorDetectorNode::imageCallback(sensor_msgs::msg::Image_<std::allocator<void> >::ConstSharedPtr)[m[Kâ€™:
[3.926s] [01m[K/home/rm_autoaim/suep2026/dev_ws/src/rm_auto_aim/armor_detector/src/detector_node.cpp:131:40:[m[K [01;31m[Kerror: [m[Kno matching function for call to â€˜[01m[Krm_auto_aim::ArmorDetectorNode::publishArmorsAndMarkers(const ConstSharedPtr&, std::vector<rm_auto_aim::Armor>&)[m[Kâ€™
[3.926s]   131 |                 [01;31m[KpublishArmorsAndMarkers(img_msg, armors_copy)[m[K;
[3.926s]       |                 [01;31m[K~~~~~~~~~~~~~~~~~~~~~~~^~~~~~~~~~~~~~~~~~~~~~[m[K
[3.926s] In file included from [01m[K/home/rm_autoaim/suep2026/dev_ws/src/rm_auto_aim/armor_detector/src/detector_node.cpp:2[m[K:
[3.926s] [01m[K/home/rm_autoaim/suep2026/dev_ws/src/rm_auto_aim/armor_detector/include/detector_node.hpp:51:8:[m[K [01;36m[Knote: [m[Kcandidate: â€˜[01m[Kvoid rm_auto_aim::ArmorDetectorNode::publishArmorsAndMarkers()[m[Kâ€™
[3.926s]    51 |   void [01;36m[KpublishArmorsAndMarkers[m[K();
[3.926s]       |        [01;36m[K^~~~~~~~~~~~~~~~~~~~~~~[m[K
[3.926s] [01m[K/home/rm_autoaim/suep2026/dev_ws/src/rm_auto_aim/armor_detector/include/detector_node.hpp:51:8:[m[K [01;36m[Knote: [m[K  candidate expects 0 arguments, 2 provided
[3.939s] [01m[K/home/rm_autoaim/suep2026/dev_ws/src/rm_auto_aim/armor_detector/src/detector_node.cpp:[m[K At global scope:
[3.939s] [01m[K/home/rm_autoaim/suep2026/dev_ws/src/rm_auto_aim/armor_detector/src/detector_node.cpp:400:6:[m[K [01;31m[Kerror: [m[Kno declaration matches â€˜[01m[Kvoid rm_auto_aim::ArmorDetectorNode::publishArmorsAndMarkers(const ConstSharedPtr&, const std::vector<rm_auto_aim::Armor>&)[m[Kâ€™
[3.939s]   400 | void [01;31m[KArmorDetectorNode[m[K::publishArmorsAndMarkers(
[3.939s]       |      [01;31m[K^~~~~~~~~~~~~~~~~[m[K
[3.939s] In file included from [01m[K/home/rm_autoaim/suep2026/dev_ws/src/rm_auto_aim/armor_detector/src/detector_node.cpp:2[m[K:
[3.939s] [01m[K/home/rm_autoaim/suep2026/dev_ws/src/rm_auto_aim/armor_detector/include/detector_node.hpp:51:8:[m[K [01;36m[Knote: [m[Kcandidate is: â€˜[01m[Kvoid rm_auto_aim::ArmorDetectorNode::publishArmorsAndMarkers()[m[Kâ€™
[3.939s]    51 |   void [01;36m[KpublishArmorsAndMarkers[m[K();
[3.939s]       |        [01;36m[K^~~~~~~~~~~~~~~~~~~~~~~[m[K
[3.939s] [01m[K/home/rm_autoaim/suep2026/dev_ws/src/rm_auto_aim/armor_detector/include/detector_node.hpp:41:7:[m[K [01;36m[Knote: [m[Kâ€˜[01m[Kclass rm_auto_aim::ArmorDetectorNode[m[Kâ€™ defined here
[3.939s]    41 | class [01;36m[KArmorDetectorNode[m[K: public rclcpp::Node
[3.940s]       |       [01;36m[K^~~~~~~~~~~~~~~~~[m[K
[9.856s] gmake[2]: *** [CMakeFiles/armor_detector.dir/build.make:90ï¼šCMakeFiles/armor_detector.dir/src/detector_node.cpp.o] é”™è¯¯ 1
[9.856s] gmake[1]: *** [CMakeFiles/Makefile2:139ï¼šCMakeFiles/armor_detector.dir/all] é”™è¯¯ 2
[9.856s] gmake: *** [Makefile:146ï¼šall] é”™è¯¯ 2
[9.858s] Invoked command in '/home/rm_autoaim/suep2026/dev_ws/build/armor_detector' returned '2': CMAKE_PREFIX_PATH=/home/rm_autoaim/suep2026/dev_ws/install/auto_aim_interfaces:/home/rm_autoaim/suep2026/dev_ws/install/rm_vision_bringup:/home/rm_autoaim/suep2026/dev_ws/install/rm_serial_driver:/home/rm_autoaim/suep2026/dev_ws/install/rm_gimbal_description:/home/rm_autoaim/suep2026/dev_ws/install/hik_camera:/home/rm_autoaim/suep2026/dev_ws/install/armor_tracker:/home/rm_autoaim/suep2026/dev_ws/install/armor_detector:/opt/ros/humble LD_LIBRARY_PATH=/home/rm_autoaim/suep2026/dev_ws/install/auto_aim_interfaces/lib:/home/rm_autoaim/suep2026/dev_ws/install/rm_serial_driver/lib:/home/rm_autoaim/suep2026/dev_ws/install/hik_camera/lib:/home/rm_autoaim/suep2026/dev_ws/install/armor_tracker/lib:/home/rm_autoaim/suep2026/dev_ws/install/armor_detector/lib:/opt/ros/humble/opt/rviz_ogre_vendor/lib:/opt/ros/humble/lib/x86_64-linux-gnu:/opt/ros/humble/lib:/opt/MVS/lib/64:/opt/MVS/lib/32 /usr/bin/cmake --build /home/rm_autoaim/suep2026/dev_ws/build/armor_detector -- -j8 -l8
