[35m[1mConsolidate compiler generated dependencies of target armor_detector[0m
[ 28%] Built target armor_detector_node
[ 42%] [32mBuilding CXX object CMakeFiles/armor_detector.dir/src/detector_node.cpp.o[0m
In file included from [01m[K/home/rm_autoaim/suep2026/dev_ws/src/rm_auto_aim/armor_detector/src/detector_node.cpp:2[m[K:
[01m[K/home/rm_autoaim/suep2026/dev_ws/src/rm_auto_aim/armor_detector/include/detector_node.hpp:53:37:[m[K [01;31m[Kerror: [m[Kexpected â€˜[01m[K;[m[Kâ€™ at end of member declaration
   53 |     const std::vector<Armor> &armors[01;31m[K)[m[K
      |                                     [01;31m[K^[m[K
      |                                      [32m[K;[m[K
[01m[K/home/rm_autoaim/suep2026/dev_ws/src/rm_auto_aim/armor_detector/src/detector_node.cpp:[m[K In member function â€˜[01m[Kvoid rm_auto_aim::ArmorDetectorNode::imageCallback(sensor_msgs::msg::Image_<std::allocator<void> >::ConstSharedPtr)[m[Kâ€™:
[01m[K/home/rm_autoaim/suep2026/dev_ws/src/rm_auto_aim/armor_detector/src/detector_node.cpp:131:17:[m[K [01;31m[Kerror: [m[Kâ€˜[01m[KpublishArmorsAndMarkers[m[Kâ€™ was not declared in this scope; did you mean â€˜[01m[KppublishArmorsAndMarkers[m[Kâ€™?
  131 |                 [01;31m[KpublishArmorsAndMarkers[m[K(img_msg, armors_copy);
      |                 [01;31m[K^~~~~~~~~~~~~~~~~~~~~~~[m[K
      |                 [32m[KppublishArmorsAndMarkers[m[K
[01m[K/home/rm_autoaim/suep2026/dev_ws/src/rm_auto_aim/armor_detector/src/detector_node.cpp:[m[K At global scope:
[01m[K/home/rm_autoaim/suep2026/dev_ws/src/rm_auto_aim/armor_detector/src/detector_node.cpp:400:6:[m[K [01;31m[Kerror: [m[Kno declaration matches â€˜[01m[Kvoid rm_auto_aim::ArmorDetectorNode::publishArmorsAndMarkers(const ConstSharedPtr&, const std::vector<rm_auto_aim::Armor>&)[m[Kâ€™
  400 | void [01;31m[KArmorDetectorNode[m[K::publishArmorsAndMarkers(
      |      [01;31m[K^~~~~~~~~~~~~~~~~[m[K
[01m[K/home/rm_autoaim/suep2026/dev_ws/src/rm_auto_aim/armor_detector/src/detector_node.cpp:400:6:[m[K [01;36m[Knote: [m[Kno functions named â€˜[01m[Kvoid rm_auto_aim::ArmorDetectorNode::publishArmorsAndMarkers(const ConstSharedPtr&, const std::vector<rm_auto_aim::Armor>&)[m[Kâ€™
In file included from [01m[K/home/rm_autoaim/suep2026/dev_ws/src/rm_auto_aim/armor_detector/src/detector_node.cpp:2[m[K:
[01m[K/home/rm_autoaim/suep2026/dev_ws/src/rm_auto_aim/armor_detector/include/detector_node.hpp:41:7:[m[K [01;36m[Knote: [m[Kâ€˜[01m[Kclass rm_auto_aim::ArmorDetectorNode[m[Kâ€™ defined here
   41 | class [01;36m[KArmorDetectorNode[m[K: public rclcpp::Node
      |       [01;36m[K^~~~~~~~~~~~~~~~~[m[K
gmake[2]: *** [CMakeFiles/armor_detector.dir/build.make:90ï¼šCMakeFiles/armor_detector.dir/src/detector_node.cpp.o] é”™è¯¯ 1
gmake[1]: *** [CMakeFiles/Makefile2:139ï¼šCMakeFiles/armor_detector.dir/all] é”™è¯¯ 2
gmake: *** [Makefile:146ï¼šall] é”™è¯¯ 2
