[0.015s] Invoking command in '/home/rm_autoaim/suep2026/dev_ws/build/armor_detector': CMAKE_PREFIX_PATH=/home/rm_autoaim/suep2026/dev_ws/install/auto_aim_interfaces:/home/rm_autoaim/suep2026/dev_ws/install/rm_vision_bringup:/home/rm_autoaim/suep2026/dev_ws/install/rm_serial_driver:/home/rm_autoaim/suep2026/dev_ws/install/rm_gimbal_description:/home/rm_autoaim/suep2026/dev_ws/install/hik_camera:/home/rm_autoaim/suep2026/dev_ws/install/armor_tracker:/home/rm_autoaim/suep2026/dev_ws/install/armor_detector:/opt/ros/humble LD_LIBRARY_PATH=/home/rm_autoaim/suep2026/dev_ws/install/auto_aim_interfaces/lib:/home/rm_autoaim/suep2026/dev_ws/install/rm_serial_driver/lib:/home/rm_autoaim/suep2026/dev_ws/install/hik_camera/lib:/home/rm_autoaim/suep2026/dev_ws/install/armor_tracker/lib:/home/rm_autoaim/suep2026/dev_ws/install/armor_detector/lib:/opt/ros/humble/opt/rviz_ogre_vendor/lib:/opt/ros/humble/lib/x86_64-linux-gnu:/opt/ros/humble/lib:/opt/MVS/lib/64:/opt/MVS/lib/32 /usr/bin/cmake --build /home/rm_autoaim/suep2026/dev_ws/build/armor_detector -- -j8 -l8
[0.060s] [35m[1mConsolidate compiler generated dependencies of target armor_detector[0m
[0.073s] [ 28%] Built target armor_detector_node
[0.082s] [ 42%] [32mBuilding CXX object CMakeFiles/armor_detector.dir/src/detector_node.cpp.o[0m
[3.928s] In file included from [01m[K/home/rm_autoaim/suep2026/dev_ws/src/rm_auto_aim/armor_detector/src/detector_node.cpp:2[m[K:
[3.928s] [01m[K/home/rm_autoaim/suep2026/dev_ws/src/rm_auto_aim/armor_detector/include/detector_node.hpp:53:37:[m[K [01;31m[Kerror: [m[Kexpected â€˜[01m[K;[m[Kâ€™ at end of member declaration
[3.928s]    53 |     const std::vector<Armor> &armors[01;31m[K)[m[K
[3.928s]       |                                     [01;31m[K^[m[K
[3.928s]       |                                      [32m[K;[m[K
[4.365s] [01m[K/home/rm_autoaim/suep2026/dev_ws/src/rm_auto_aim/armor_detector/src/detector_node.cpp:[m[K In member function â€˜[01m[Kvoid rm_auto_aim::ArmorDetectorNode::imageCallback(sensor_msgs::msg::Image_<std::allocator<void> >::ConstSharedPtr)[m[Kâ€™:
[4.366s] [01m[K/home/rm_autoaim/suep2026/dev_ws/src/rm_auto_aim/armor_detector/src/detector_node.cpp:131:17:[m[K [01;31m[Kerror: [m[Kâ€˜[01m[KpublishArmorsAndMarkers[m[Kâ€™ was not declared in this scope; did you mean â€˜[01m[KppublishArmorsAndMarkers[m[Kâ€™?
[4.366s]   131 |                 [01;31m[KpublishArmorsAndMarkers[m[K(img_msg, armors_copy);
[4.366s]       |                 [01;31m[K^~~~~~~~~~~~~~~~~~~~~~~[m[K
[4.366s]       |                 [32m[KppublishArmorsAndMarkers[m[K
[4.383s] [01m[K/home/rm_autoaim/suep2026/dev_ws/src/rm_auto_aim/armor_detector/src/detector_node.cpp:[m[K At global scope:
[4.384s] [01m[K/home/rm_autoaim/suep2026/dev_ws/src/rm_auto_aim/armor_detector/src/detector_node.cpp:400:6:[m[K [01;31m[Kerror: [m[Kno declaration matches â€˜[01m[Kvoid rm_auto_aim::ArmorDetectorNode::publishArmorsAndMarkers(const ConstSharedPtr&, const std::vector<rm_auto_aim::Armor>&)[m[Kâ€™
[4.384s]   400 | void [01;31m[KArmorDetectorNode[m[K::publishArmorsAndMarkers(
[4.384s]       |      [01;31m[K^~~~~~~~~~~~~~~~~[m[K
[4.384s] [01m[K/home/rm_autoaim/suep2026/dev_ws/src/rm_auto_aim/armor_detector/src/detector_node.cpp:400:6:[m[K [01;36m[Knote: [m[Kno functions named â€˜[01m[Kvoid rm_auto_aim::ArmorDetectorNode::publishArmorsAndMarkers(const ConstSharedPtr&, const std::vector<rm_auto_aim::Armor>&)[m[Kâ€™
[4.384s] In file included from [01m[K/home/rm_autoaim/suep2026/dev_ws/src/rm_auto_aim/armor_detector/src/detector_node.cpp:2[m[K:
[4.384s] [01m[K/home/rm_autoaim/suep2026/dev_ws/src/rm_auto_aim/armor_detector/include/detector_node.hpp:41:7:[m[K [01;36m[Knote: [m[Kâ€˜[01m[Kclass rm_auto_aim::ArmorDetectorNode[m[Kâ€™ defined here
[4.384s]    41 | class [01;36m[KArmorDetectorNode[m[K: public rclcpp::Node
[4.384s]       |       [01;36m[K^~~~~~~~~~~~~~~~~[m[K
[10.624s] gmake[2]: *** [CMakeFiles/armor_detector.dir/build.make:90ï¼šCMakeFiles/armor_detector.dir/src/detector_node.cpp.o] é”™è¯¯ 1
[10.624s] gmake[1]: *** [CMakeFiles/Makefile2:139ï¼šCMakeFiles/armor_detector.dir/all] é”™è¯¯ 2
[10.625s] gmake: *** [Makefile:146ï¼šall] é”™è¯¯ 2
[10.626s] Invoked command in '/home/rm_autoaim/suep2026/dev_ws/build/armor_detector' returned '2': CMAKE_PREFIX_PATH=/home/rm_autoaim/suep2026/dev_ws/install/auto_aim_interfaces:/home/rm_autoaim/suep2026/dev_ws/install/rm_vision_bringup:/home/rm_autoaim/suep2026/dev_ws/install/rm_serial_driver:/home/rm_autoaim/suep2026/dev_ws/install/rm_gimbal_description:/home/rm_autoaim/suep2026/dev_ws/install/hik_camera:/home/rm_autoaim/suep2026/dev_ws/install/armor_tracker:/home/rm_autoaim/suep2026/dev_ws/install/armor_detector:/opt/ros/humble LD_LIBRARY_PATH=/home/rm_autoaim/suep2026/dev_ws/install/auto_aim_interfaces/lib:/home/rm_autoaim/suep2026/dev_ws/install/rm_serial_driver/lib:/home/rm_autoaim/suep2026/dev_ws/install/hik_camera/lib:/home/rm_autoaim/suep2026/dev_ws/install/armor_tracker/lib:/home/rm_autoaim/suep2026/dev_ws/install/armor_detector/lib:/opt/ros/humble/opt/rviz_ogre_vendor/lib:/opt/ros/humble/lib/x86_64-linux-gnu:/opt/ros/humble/lib:/opt/MVS/lib/64:/opt/MVS/lib/32 /usr/bin/cmake --build /home/rm_autoaim/suep2026/dev_ws/build/armor_detector -- -j8 -l8
