[ 28%] Built target armor_detector_node
[ 42%] [32mBuilding CXX object CMakeFiles/armor_detector.dir/src/detector_node.cpp.o[0m
[01m[K/home/rm_autoaim/suep2026/rm_ws/src/rm_auto_aim/armor_detector/src/detector_node.cpp:[m[K In constructor â€˜[01m[Krm_auto_aim::ArmorDetectorNode::ArmorDetectorNode(const rclcpp::NodeOptions&)[m[Kâ€™:
[01m[K/home/rm_autoaim/suep2026/rm_ws/src/rm_auto_aim/armor_detector/src/detector_node.cpp:65:9:[m[K [01;31m[Kerror: [m[Kâ€˜[01m[Kinit_timer_[m[Kâ€™ was not declared in this scope
   65 |         [01;31m[Kinit_timer_[m[K = this->create_wall_timer(
      |         [01;31m[K^~~~~~~~~~~[m[K
[01m[K/home/rm_autoaim/suep2026/rm_ws/src/rm_auto_aim/armor_detector/src/detector_node.cpp:[m[K In lambda function:
[01m[K/home/rm_autoaim/suep2026/rm_ws/src/rm_auto_aim/armor_detector/src/detector_node.cpp:72:25:[m[K [01;31m[Kerror: [m[Kâ€˜[01m[Kinit_timer_[m[Kâ€™ is not captured
   72 |                         [01;31m[Kinit_timer_[m[K->cancel();
      |                         [01;31m[K^~~~~~~~~~~[m[K
[01m[K/home/rm_autoaim/suep2026/rm_ws/src/rm_auto_aim/armor_detector/src/detector_node.cpp:67:18:[m[K [01;36m[Knote: [m[Kthe lambda has no capture-default
   67 |             [this[01;36m[K][m[K() {
      |                  [01;36m[K^[m[K
[01m[K/home/rm_autoaim/suep2026/rm_ws/src/rm_auto_aim/armor_detector/src/detector_node.cpp:65:9:[m[K [01;36m[Knote: [m[Kâ€˜[01m[K<typeprefixerror>init_timer_[m[Kâ€™ declared here
   65 |         [01;36m[Kinit_timer_[m[K = this->create_wall_timer(
      |         [01;36m[K^~~~~~~~~~~[m[K
[01m[K/home/rm_autoaim/suep2026/rm_ws/src/rm_auto_aim/armor_detector/src/detector_node.cpp:[m[K In member function â€˜[01m[Kvoid rm_auto_aim::ArmorDetectorNode::processingLoop()[m[Kâ€™:
[01m[K/home/rm_autoaim/suep2026/rm_ws/src/rm_auto_aim/armor_detector/src/detector_node.cpp:182:53:[m[K [01;31m[Kerror: [m[Krequest for member â€˜[01m[Ksize[m[Kâ€™ in â€˜[01m[Karmor.rm_auto_aim::Armor::objects_keypoints[m[Kâ€™, which is of non-class type â€˜[01m[Kconst Point2f [4][m[Kâ€™ {aka â€˜[01m[Kconst cv::Point_<float> [4][m[Kâ€™}
  182 |                         if (armor.objects_keypoints.[01;31m[Ksize[m[K() < 4) {
      |                                                     [01;31m[K^~~~[m[K
In file included from [01m[K/opt/ros/humble/include/rclcpp/rclcpp/logging.hpp:24[m[K,
                 from [01m[K/opt/ros/humble/include/rclcpp/rclcpp/client.hpp:40[m[K,
                 from [01m[K/opt/ros/humble/include/rclcpp/rclcpp/callback_group.hpp:24[m[K,
                 from [01m[K/opt/ros/humble/include/rclcpp/rclcpp/node.hpp:40[m[K,
                 from [01m[K/opt/ros/humble/include/image_transport/image_transport/image_transport.hpp:37[m[K,
                 from [01m[K/home/rm_autoaim/suep2026/rm_ws/src/rm_auto_aim/armor_detector/include/detector_node.hpp:10[m[K,
                 from [01m[K/home/rm_autoaim/suep2026/rm_ws/src/rm_auto_aim/armor_detector/src/detector_node.cpp:1[m[K:
[01m[K/home/rm_autoaim/suep2026/rm_ws/src/rm_auto_aim/armor_detector/src/detector_node.cpp:184:64:[m[K [01;31m[Kerror: [m[Krequest for member â€˜[01m[Ksize[m[Kâ€™ in â€˜[01m[Karmor.rm_auto_aim::Armor::objects_keypoints[m[Kâ€™, which is of non-class type â€˜[01m[Kconst Point2f [4][m[Kâ€™ {aka â€˜[01m[Kconst cv::Point_<float> [4][m[Kâ€™}
  184 |                                        armor.objects_keypoints.[01;31m[Ksize[m[K());
      |                                                                [01;31m[K^~~~[m[K
gmake[2]: *** [CMakeFiles/armor_detector.dir/build.make:90ï¼šCMakeFiles/armor_detector.dir/src/detector_node.cpp.o] é”™è¯¯ 1
gmake[1]: *** [CMakeFiles/Makefile2:139ï¼šCMakeFiles/armor_detector.dir/all] é”™è¯¯ 2
gmake: *** [Makefile:146ï¼šall] é”™è¯¯ 2
