[0.020s] Invoking command in '/home/rm_autoaim/suep2026/rm_ws/build/armor_detector': CMAKE_PREFIX_PATH=/home/rm_autoaim/suep2026/rm_ws/install/auto_aim_interfaces:/home/rm_autoaim/suep2026/rm_ws/install/rm_vision_bringup:/home/rm_autoaim/suep2026/rm_ws/install/rm_serial_driver:/home/rm_autoaim/suep2026/rm_ws/install/rm_gimbal_description:/home/rm_autoaim/suep2026/rm_ws/install/hik_camera:/home/rm_autoaim/suep2026/rm_ws/install/armor_tracker:/home/rm_autoaim/suep2026/rm_ws/install/armor_detector:/opt/ros/humble LD_LIBRARY_PATH=/home/rm_autoaim/suep2026/rm_ws/install/auto_aim_interfaces/lib:/home/rm_autoaim/suep2026/rm_ws/install/rm_serial_driver/lib:/home/rm_autoaim/suep2026/rm_ws/install/hik_camera/lib:/home/rm_autoaim/suep2026/rm_ws/install/armor_tracker/lib:/home/rm_autoaim/suep2026/rm_ws/install/armor_detector/lib:/opt/ros/humble/opt/rviz_ogre_vendor/lib:/opt/ros/humble/lib/x86_64-linux-gnu:/opt/ros/humble/lib:/opt/MVS/lib/64:/opt/MVS/lib/32 /usr/bin/cmake --build /home/rm_autoaim/suep2026/rm_ws/build/armor_detector -- -j8 -l8
[0.090s] [ 28%] Built target armor_detector_node
[0.092s] [ 42%] [32mBuilding CXX object CMakeFiles/armor_detector.dir/src/detector_node.cpp.o[0m
[5.388s] [01m[K/home/rm_autoaim/suep2026/rm_ws/src/rm_auto_aim/armor_detector/src/detector_node.cpp:[m[K In constructor â€˜[01m[Krm_auto_aim::ArmorDetectorNode::ArmorDetectorNode(const rclcpp::NodeOptions&)[m[Kâ€™:
[5.388s] [01m[K/home/rm_autoaim/suep2026/rm_ws/src/rm_auto_aim/armor_detector/src/detector_node.cpp:65:9:[m[K [01;31m[Kerror: [m[Kâ€˜[01m[Kinit_timer_[m[Kâ€™ was not declared in this scope
[5.388s]    65 |         [01;31m[Kinit_timer_[m[K = this->create_wall_timer(
[5.388s]       |         [01;31m[K^~~~~~~~~~~[m[K
[5.388s] [01m[K/home/rm_autoaim/suep2026/rm_ws/src/rm_auto_aim/armor_detector/src/detector_node.cpp:[m[K In lambda function:
[5.388s] [01m[K/home/rm_autoaim/suep2026/rm_ws/src/rm_auto_aim/armor_detector/src/detector_node.cpp:72:25:[m[K [01;31m[Kerror: [m[Kâ€˜[01m[Kinit_timer_[m[Kâ€™ is not captured
[5.388s]    72 |                         [01;31m[Kinit_timer_[m[K->cancel();
[5.388s]       |                         [01;31m[K^~~~~~~~~~~[m[K
[5.388s] [01m[K/home/rm_autoaim/suep2026/rm_ws/src/rm_auto_aim/armor_detector/src/detector_node.cpp:67:18:[m[K [01;36m[Knote: [m[Kthe lambda has no capture-default
[5.388s]    67 |             [this[01;36m[K][m[K() {
[5.388s]       |                  [01;36m[K^[m[K
[5.388s] [01m[K/home/rm_autoaim/suep2026/rm_ws/src/rm_auto_aim/armor_detector/src/detector_node.cpp:65:9:[m[K [01;36m[Knote: [m[Kâ€˜[01m[K<typeprefixerror>init_timer_[m[Kâ€™ declared here
[5.388s]    65 |         [01;36m[Kinit_timer_[m[K = this->create_wall_timer(
[5.388s]       |         [01;36m[K^~~~~~~~~~~[m[K
[5.409s] [01m[K/home/rm_autoaim/suep2026/rm_ws/src/rm_auto_aim/armor_detector/src/detector_node.cpp:[m[K In member function â€˜[01m[Kvoid rm_auto_aim::ArmorDetectorNode::processingLoop()[m[Kâ€™:
[5.409s] [01m[K/home/rm_autoaim/suep2026/rm_ws/src/rm_auto_aim/armor_detector/src/detector_node.cpp:182:53:[m[K [01;31m[Kerror: [m[Krequest for member â€˜[01m[Ksize[m[Kâ€™ in â€˜[01m[Karmor.rm_auto_aim::Armor::objects_keypoints[m[Kâ€™, which is of non-class type â€˜[01m[Kconst Point2f [4][m[Kâ€™ {aka â€˜[01m[Kconst cv::Point_<float> [4][m[Kâ€™}
[5.409s]   182 |                         if (armor.objects_keypoints.[01;31m[Ksize[m[K() < 4) {
[5.409s]       |                                                     [01;31m[K^~~~[m[K
[5.409s] In file included from [01m[K/opt/ros/humble/include/rclcpp/rclcpp/logging.hpp:24[m[K,
[5.409s]                  from [01m[K/opt/ros/humble/include/rclcpp/rclcpp/client.hpp:40[m[K,
[5.409s]                  from [01m[K/opt/ros/humble/include/rclcpp/rclcpp/callback_group.hpp:24[m[K,
[5.409s]                  from [01m[K/opt/ros/humble/include/rclcpp/rclcpp/node.hpp:40[m[K,
[5.409s]                  from [01m[K/opt/ros/humble/include/image_transport/image_transport/image_transport.hpp:37[m[K,
[5.409s]                  from [01m[K/home/rm_autoaim/suep2026/rm_ws/src/rm_auto_aim/armor_detector/include/detector_node.hpp:10[m[K,
[5.410s]                  from [01m[K/home/rm_autoaim/suep2026/rm_ws/src/rm_auto_aim/armor_detector/src/detector_node.cpp:1[m[K:
[5.410s] [01m[K/home/rm_autoaim/suep2026/rm_ws/src/rm_auto_aim/armor_detector/src/detector_node.cpp:184:64:[m[K [01;31m[Kerror: [m[Krequest for member â€˜[01m[Ksize[m[Kâ€™ in â€˜[01m[Karmor.rm_auto_aim::Armor::objects_keypoints[m[Kâ€™, which is of non-class type â€˜[01m[Kconst Point2f [4][m[Kâ€™ {aka â€˜[01m[Kconst cv::Point_<float> [4][m[Kâ€™}
[5.410s]   184 |                                        armor.objects_keypoints.[01;31m[Ksize[m[K());
[5.410s]       |                                                                [01;31m[K^~~~[m[K
[12.121s] gmake[2]: *** [CMakeFiles/armor_detector.dir/build.make:90ï¼šCMakeFiles/armor_detector.dir/src/detector_node.cpp.o] é”™è¯¯ 1
[12.121s] gmake[1]: *** [CMakeFiles/Makefile2:139ï¼šCMakeFiles/armor_detector.dir/all] é”™è¯¯ 2
[12.122s] gmake: *** [Makefile:146ï¼šall] é”™è¯¯ 2
[12.124s] Invoked command in '/home/rm_autoaim/suep2026/rm_ws/build/armor_detector' returned '2': CMAKE_PREFIX_PATH=/home/rm_autoaim/suep2026/rm_ws/install/auto_aim_interfaces:/home/rm_autoaim/suep2026/rm_ws/install/rm_vision_bringup:/home/rm_autoaim/suep2026/rm_ws/install/rm_serial_driver:/home/rm_autoaim/suep2026/rm_ws/install/rm_gimbal_description:/home/rm_autoaim/suep2026/rm_ws/install/hik_camera:/home/rm_autoaim/suep2026/rm_ws/install/armor_tracker:/home/rm_autoaim/suep2026/rm_ws/install/armor_detector:/opt/ros/humble LD_LIBRARY_PATH=/home/rm_autoaim/suep2026/rm_ws/install/auto_aim_interfaces/lib:/home/rm_autoaim/suep2026/rm_ws/install/rm_serial_driver/lib:/home/rm_autoaim/suep2026/rm_ws/install/hik_camera/lib:/home/rm_autoaim/suep2026/rm_ws/install/armor_tracker/lib:/home/rm_autoaim/suep2026/rm_ws/install/armor_detector/lib:/opt/ros/humble/opt/rviz_ogre_vendor/lib:/opt/ros/humble/lib/x86_64-linux-gnu:/opt/ros/humble/lib:/opt/MVS/lib/64:/opt/MVS/lib/32 /usr/bin/cmake --build /home/rm_autoaim/suep2026/rm_ws/build/armor_detector -- -j8 -l8
