[35m[1mConsolidate compiler generated dependencies of target rm_serial_driver[0m
[ 40%] Built target rm_serial_driver_node
[ 60%] [32mBuilding CXX object CMakeFiles/rm_serial_driver.dir/src/rm_serial_driver.cpp.o[0m
In file included from [01m[K/opt/ros/humble/include/rclcpp/rclcpp/logging.hpp:24[m[K,
                 from [01m[K/home/rm_autoaim/suep2026/dev_ws/src/rm_serial_driver/src/rm_serial_driver.cpp:6[m[K:
[01m[K/home/rm_autoaim/suep2026/dev_ws/src/rm_serial_driver/src/rm_serial_driver.cpp:[m[K In member function â€˜[01m[Kvoid rm_serial_driver::RMSerialDriver::receiveData()[m[Kâ€™:
[01m[K/home/rm_autoaim/suep2026/dev_ws/src/rm_serial_driver/src/rm_serial_driver.cpp:225:28:[m[K [01;31m[Kerror: [m[Kexpression cannot be used as a function
  225 |          [01;31m[Kt.header.stamp.sec()[m[K,
      |          [01;31m[K~~~~~~~~~~~~~~~~~~^~[m[K
gmake[2]: *** [CMakeFiles/rm_serial_driver.dir/build.make:76ï¼šCMakeFiles/rm_serial_driver.dir/src/rm_serial_driver.cpp.o] é”™è¯¯ 1
gmake[1]: *** [CMakeFiles/Makefile2:139ï¼šCMakeFiles/rm_serial_driver.dir/all] é”™è¯¯ 2
gmake: *** [Makefile:146ï¼šall] é”™è¯¯ 2
