[0.017s] Invoking command in '/home/rm_autoaim/suep2026/dev_ws/build/rm_serial_driver': CMAKE_PREFIX_PATH=/home/rm_autoaim/suep2026/dev_ws/install/auto_aim_interfaces:/home/rm_autoaim/suep2026/dev_ws/install/rm_vision_bringup:/home/rm_autoaim/suep2026/dev_ws/install/rm_serial_driver:/home/rm_autoaim/suep2026/dev_ws/install/rm_gimbal_description:/home/rm_autoaim/suep2026/dev_ws/install/hik_camera:/home/rm_autoaim/suep2026/dev_ws/install/armor_tracker:/home/rm_autoaim/suep2026/dev_ws/install/armor_detector:/opt/ros/humble LD_LIBRARY_PATH=/home/rm_autoaim/suep2026/dev_ws/install/auto_aim_interfaces/lib:/home/rm_autoaim/suep2026/dev_ws/install/rm_serial_driver/lib:/home/rm_autoaim/suep2026/dev_ws/install/hik_camera/lib:/home/rm_autoaim/suep2026/dev_ws/install/armor_tracker/lib:/home/rm_autoaim/suep2026/dev_ws/install/armor_detector/lib:/opt/ros/humble/opt/rviz_ogre_vendor/lib:/opt/ros/humble/lib/x86_64-linux-gnu:/opt/ros/humble/lib:/opt/MVS/lib/64:/opt/MVS/lib/32 /usr/bin/cmake --build /home/rm_autoaim/suep2026/dev_ws/build/rm_serial_driver -- -j8 -l8
[0.061s] [35m[1mConsolidate compiler generated dependencies of target rm_serial_driver[0m
[0.075s] [ 40%] Built target rm_serial_driver_node
[0.083s] [ 60%] [32mBuilding CXX object CMakeFiles/rm_serial_driver.dir/src/rm_serial_driver.cpp.o[0m
[3.046s] In file included from [01m[K/opt/ros/humble/include/rclcpp/rclcpp/logging.hpp:24[m[K,
[3.046s]                  from [01m[K/home/rm_autoaim/suep2026/dev_ws/src/rm_serial_driver/src/rm_serial_driver.cpp:6[m[K:
[3.046s] [01m[K/home/rm_autoaim/suep2026/dev_ws/src/rm_serial_driver/src/rm_serial_driver.cpp:[m[K In member function â€˜[01m[Kvoid rm_serial_driver::RMSerialDriver::receiveData()[m[Kâ€™:
[3.046s] [01m[K/home/rm_autoaim/suep2026/dev_ws/src/rm_serial_driver/src/rm_serial_driver.cpp:225:28:[m[K [01;31m[Kerror: [m[Kexpression cannot be used as a function
[3.046s]   225 |          [01;31m[Kt.header.stamp.sec()[m[K,
[3.046s]       |          [01;31m[K~~~~~~~~~~~~~~~~~~^~[m[K
[6.921s] gmake[2]: *** [CMakeFiles/rm_serial_driver.dir/build.make:76ï¼šCMakeFiles/rm_serial_driver.dir/src/rm_serial_driver.cpp.o] é”™è¯¯ 1
[6.921s] gmake[1]: *** [CMakeFiles/Makefile2:139ï¼šCMakeFiles/rm_serial_driver.dir/all] é”™è¯¯ 2
[6.921s] gmake: *** [Makefile:146ï¼šall] é”™è¯¯ 2
[6.923s] Invoked command in '/home/rm_autoaim/suep2026/dev_ws/build/rm_serial_driver' returned '2': CMAKE_PREFIX_PATH=/home/rm_autoaim/suep2026/dev_ws/install/auto_aim_interfaces:/home/rm_autoaim/suep2026/dev_ws/install/rm_vision_bringup:/home/rm_autoaim/suep2026/dev_ws/install/rm_serial_driver:/home/rm_autoaim/suep2026/dev_ws/install/rm_gimbal_description:/home/rm_autoaim/suep2026/dev_ws/install/hik_camera:/home/rm_autoaim/suep2026/dev_ws/install/armor_tracker:/home/rm_autoaim/suep2026/dev_ws/install/armor_detector:/opt/ros/humble LD_LIBRARY_PATH=/home/rm_autoaim/suep2026/dev_ws/install/auto_aim_interfaces/lib:/home/rm_autoaim/suep2026/dev_ws/install/rm_serial_driver/lib:/home/rm_autoaim/suep2026/dev_ws/install/hik_camera/lib:/home/rm_autoaim/suep2026/dev_ws/install/armor_tracker/lib:/home/rm_autoaim/suep2026/dev_ws/install/armor_detector/lib:/opt/ros/humble/opt/rviz_ogre_vendor/lib:/opt/ros/humble/lib/x86_64-linux-gnu:/opt/ros/humble/lib:/opt/MVS/lib/64:/opt/MVS/lib/32 /usr/bin/cmake --build /home/rm_autoaim/suep2026/dev_ws/build/rm_serial_driver -- -j8 -l8
